<?xml version="1.0" encoding="UTF-8"?>
<!-- Generated by org.testng.reporters.JUnitXMLReporter -->
<testsuite hostname="DESKTOP-7TMJVOF" ignored="0" name="Test" tests="10" failures="1" timestamp="18 May 2021 16:13:14 GMT" time="37.506" errors="0">
  <testcase name="validateNullValueOverall" time="2.729" classname="com.ImpactGuru.DonationPage"/>
  <testcase name="validateInvalidCardNumber" time="5.799" classname="com.ImpactGuru.DonationPage">
    <failure type="java.lang.AssertionError" message="expected [true] but found [false]">
      <![CDATA[java.lang.AssertionError: expected [true] but found [false]
at com.ImpactGuru.DonationPage.validateInvalidCardNumber(DonationPage.java:89)
... Removed 31 stack frames]]>
    </failure>
  </testcase> <!-- validateInvalidCardNumber -->
  <testcase name="validateValidCardNumber" time="0.38" classname="com.ImpactGuru.DonationPage"/>
  <testcase name="validateInvalidExpiryDate" time="1.635" classname="com.ImpactGuru.DonationPage"/>
  <testcase name="validateValidExpiryDate" time="1.335" classname="com.ImpactGuru.DonationPage"/>
  <testcase name="validateTwoDigitCVV" time="0.292" classname="com.ImpactGuru.DonationPage"/>
  <testcase name="validateFourDigitCVV" time="0.409" classname="com.ImpactGuru.DonationPage"/>
  <testcase name="validateThreeDigitCVV" time="12.037" classname="com.ImpactGuru.DonationPage"/>
  <testcase name="validateMascotIconPresence" time="0.072" classname="com.ImpactGuru.DonationPage"/>
  <testcase name="validateUserNameInSuccessMessage" time="0.054" classname="com.ImpactGuru.DonationPage"/>
</testsuite> <!-- Test -->
